[0m12:58:28.478139 [debug] [MainThread]: Sending event: {'category': 'dbt', 'action': 'invocation', 'label': 'start', 'context': [<snowplow_tracker.self_describing_json.SelfDescribingJson object at 0x1060648e0>, <snowplow_tracker.self_describing_json.SelfDescribingJson object at 0x110518850>, <snowplow_tracker.self_describing_json.SelfDescribingJson object at 0x1105633a0>]}


============================== 12:58:28.480309 | d8808d2a-3485-40f1-acae-1dbe6173b082 ==============================
[0m12:58:28.480309 [info ] [MainThread]: Running with dbt=1.7.10
[0m12:58:28.480667 [debug] [MainThread]: running dbt with arguments {'printer_width': '80', 'indirect_selection': 'eager', 'log_cache_events': 'False', 'write_json': 'True', 'partial_parse': 'True', 'cache_selected_only': 'False', 'profiles_dir': '/Users/alexandrecanacaris/.dbt', 'fail_fast': 'False', 'warn_error': 'None', 'log_path': 'logs', 'version_check': 'True', 'debug': 'False', 'use_colors': 'True', 'use_experimental_parser': 'False', 'no_print': 'None', 'quiet': 'False', 'warn_error_options': 'WarnErrorOptions(include=[], exclude=[])', 'static_parser': 'True', 'invocation_command': 'dbt init', 'log_format': 'default', 'target_path': 'None', 'introspect': 'True', 'send_anonymous_usage_stats': 'True'}
[0m12:58:38.548221 [debug] [MainThread]: Starter project path: /Users/alexandrecanacaris/.pyenv/versions/3.8.14/lib/python3.8/site-packages/dbt/include/starter_project
[0m12:58:38.557634 [info ] [MainThread]: 
Your new dbt project "linkedin_dbt" was created!

For more information on how to configure the profiles.yml file,
please consult the dbt documentation here:

  https://docs.getdbt.com/docs/configure-your-profile

One more thing:

Need help? Don't hesitate to reach out to us via GitHub issues or on Slack:

  https://community.getdbt.com/

Happy modeling!

[0m12:58:38.558356 [info ] [MainThread]: Setting up your profile.
[0m12:59:07.321577 [info ] [MainThread]: Profile linkedin_dbt written to /Users/alexandrecanacaris/.dbt/profiles.yml using target's profile_template.yml and your supplied values. Run 'dbt debug' to validate the connection.
[0m12:59:07.324621 [debug] [MainThread]: Resource report: {"command_name": "init", "command_success": true, "command_wall_clock_time": 38.878254, "process_user_time": 1.761013, "process_kernel_time": 5.998561, "process_mem_max_rss": "168263680", "process_in_blocks": "0", "process_out_blocks": "0"}
[0m12:59:07.325491 [debug] [MainThread]: Command `dbt init` succeeded at 12:59:07.325293 after 38.88 seconds
[0m12:59:07.326085 [debug] [MainThread]: Sending event: {'category': 'dbt', 'action': 'invocation', 'label': 'end', 'context': [<snowplow_tracker.self_describing_json.SelfDescribingJson object at 0x1060648e0>, <snowplow_tracker.self_describing_json.SelfDescribingJson object at 0x1105a49a0>, <snowplow_tracker.self_describing_json.SelfDescribingJson object at 0x1105a4310>]}
[0m12:59:07.326716 [debug] [MainThread]: Flushing usage events
[0m12:59:14.954178 [debug] [MainThread]: Sending event: {'category': 'dbt', 'action': 'invocation', 'label': 'start', 'context': [<snowplow_tracker.self_describing_json.SelfDescribingJson object at 0x1034d09d0>, <snowplow_tracker.self_describing_json.SelfDescribingJson object at 0x106498820>, <snowplow_tracker.self_describing_json.SelfDescribingJson object at 0x1064e4280>]}


============================== 12:59:14.956362 | c06284b2-cb74-4a0e-a7a7-0b82a5b3fc19 ==============================
[0m12:59:14.956362 [info ] [MainThread]: Running with dbt=1.7.10
[0m12:59:14.956745 [debug] [MainThread]: running dbt with arguments {'printer_width': '80', 'indirect_selection': 'eager', 'log_cache_events': 'False', 'write_json': 'True', 'partial_parse': 'True', 'cache_selected_only': 'False', 'profiles_dir': '/Users/alexandrecanacaris/.dbt', 'fail_fast': 'False', 'version_check': 'True', 'log_path': 'logs', 'warn_error': 'None', 'debug': 'False', 'use_colors': 'True', 'use_experimental_parser': 'False', 'no_print': 'None', 'quiet': 'False', 'log_format': 'default', 'introspect': 'True', 'static_parser': 'True', 'invocation_command': 'dbt debug', 'target_path': 'None', 'warn_error_options': 'WarnErrorOptions(include=[], exclude=[])', 'send_anonymous_usage_stats': 'True'}
[0m12:59:14.957154 [info ] [MainThread]: dbt version: 1.7.10
[0m12:59:14.957375 [info ] [MainThread]: python version: 3.8.14
[0m12:59:14.957586 [info ] [MainThread]: python path: /Users/alexandrecanacaris/.pyenv/versions/3.8.14/bin/python
[0m12:59:14.957786 [info ] [MainThread]: os info: macOS-13.6.4-arm64-arm-64bit
[0m12:59:15.439552 [info ] [MainThread]: Using profiles dir at /Users/alexandrecanacaris/.dbt
[0m12:59:15.439930 [info ] [MainThread]: Using profiles.yml file at /Users/alexandrecanacaris/.dbt/profiles.yml
[0m12:59:15.440161 [info ] [MainThread]: Using dbt_project.yml file at /Users/alexandrecanacaris/linkedin_job_trend_analysis/dbt_project.yml
[0m12:59:15.440421 [error] [MainThread]: Encountered an error:
Internal Error
  Profile should not be None if loading profile completed
[0m12:59:15.441494 [debug] [MainThread]: Resource report: {"command_name": "debug", "command_wall_clock_time": 0.52008474, "process_user_time": 1.975302, "process_kernel_time": 5.606912, "process_mem_max_rss": "170655744", "command_success": false, "process_in_blocks": "0", "process_out_blocks": "0"}
[0m12:59:15.441940 [debug] [MainThread]: Command `dbt debug` failed at 12:59:15.441854 after 0.52 seconds
[0m12:59:15.442180 [debug] [MainThread]: Sending event: {'category': 'dbt', 'action': 'invocation', 'label': 'end', 'context': [<snowplow_tracker.self_describing_json.SelfDescribingJson object at 0x1034d09d0>, <snowplow_tracker.self_describing_json.SelfDescribingJson object at 0x10647df10>, <snowplow_tracker.self_describing_json.SelfDescribingJson object at 0x10647da60>]}
[0m12:59:15.442417 [debug] [MainThread]: Flushing usage events
[0m12:59:48.133929 [debug] [MainThread]: Sending event: {'category': 'dbt', 'action': 'invocation', 'label': 'start', 'context': [<snowplow_tracker.self_describing_json.SelfDescribingJson object at 0x10352c7f0>, <snowplow_tracker.self_describing_json.SelfDescribingJson object at 0x104ee64c0>, <snowplow_tracker.self_describing_json.SelfDescribingJson object at 0x104f07910>]}


============================== 12:59:48.136248 | d8fbfbd8-59a3-44d8-8f11-c48c3a170d21 ==============================
[0m12:59:48.136248 [info ] [MainThread]: Running with dbt=1.7.10
[0m12:59:48.136630 [debug] [MainThread]: running dbt with arguments {'printer_width': '80', 'indirect_selection': 'eager', 'log_cache_events': 'False', 'write_json': 'True', 'partial_parse': 'True', 'cache_selected_only': 'False', 'profiles_dir': '/Users/alexandrecanacaris/.dbt', 'debug': 'False', 'version_check': 'True', 'log_path': '/Users/alexandrecanacaris/linkedin_job_trend_analysis/logs', 'warn_error': 'None', 'fail_fast': 'False', 'use_colors': 'True', 'use_experimental_parser': 'False', 'no_print': 'None', 'quiet': 'False', 'warn_error_options': 'WarnErrorOptions(include=[], exclude=[])', 'static_parser': 'True', 'introspect': 'True', 'invocation_command': 'dbt debug', 'target_path': 'None', 'log_format': 'default', 'send_anonymous_usage_stats': 'True'}
[0m12:59:48.137014 [info ] [MainThread]: dbt version: 1.7.10
[0m12:59:48.137320 [info ] [MainThread]: python version: 3.8.14
[0m12:59:48.137556 [info ] [MainThread]: python path: /Users/alexandrecanacaris/.pyenv/versions/3.8.14/bin/python
[0m12:59:48.137787 [info ] [MainThread]: os info: macOS-13.6.4-arm64-arm-64bit
[0m12:59:48.591869 [info ] [MainThread]: Using profiles dir at /Users/alexandrecanacaris/.dbt
[0m12:59:48.592199 [info ] [MainThread]: Using profiles.yml file at /Users/alexandrecanacaris/.dbt/profiles.yml
[0m12:59:48.592436 [info ] [MainThread]: Using dbt_project.yml file at /Users/alexandrecanacaris/linkedin_job_trend_analysis/dbt_project.yml
[0m12:59:48.592718 [error] [MainThread]: Encountered an error:
Internal Error
  Profile should not be None if loading profile completed
[0m12:59:48.593715 [debug] [MainThread]: Resource report: {"command_name": "debug", "command_wall_clock_time": 0.49245572, "process_user_time": 1.898962, "process_kernel_time": 5.789136, "process_mem_max_rss": "169328640", "command_success": false, "process_in_blocks": "0", "process_out_blocks": "0"}
[0m12:59:48.594069 [debug] [MainThread]: Command `dbt debug` failed at 12:59:48.593987 after 0.49 seconds
[0m12:59:48.594292 [debug] [MainThread]: Sending event: {'category': 'dbt', 'action': 'invocation', 'label': 'end', 'context': [<snowplow_tracker.self_describing_json.SelfDescribingJson object at 0x10352c7f0>, <snowplow_tracker.self_describing_json.SelfDescribingJson object at 0x104ea1ee0>, <snowplow_tracker.self_describing_json.SelfDescribingJson object at 0x104ea1700>]}
[0m12:59:48.594531 [debug] [MainThread]: Flushing usage events
[0m13:00:46.245157 [debug] [MainThread]: Sending event: {'category': 'dbt', 'action': 'invocation', 'label': 'start', 'context': [<snowplow_tracker.self_describing_json.SelfDescribingJson object at 0x107eb4880>, <snowplow_tracker.self_describing_json.SelfDescribingJson object at 0x112b5c670>, <snowplow_tracker.self_describing_json.SelfDescribingJson object at 0x112ba83a0>]}


============================== 13:00:46.247285 | d87a5cbd-76ca-4d31-8bf3-f713f7c19d24 ==============================
[0m13:00:46.247285 [info ] [MainThread]: Running with dbt=1.7.10
[0m13:00:46.247653 [debug] [MainThread]: running dbt with arguments {'printer_width': '80', 'indirect_selection': 'eager', 'log_cache_events': 'False', 'write_json': 'True', 'partial_parse': 'True', 'cache_selected_only': 'False', 'profiles_dir': '/Users/alexandrecanacaris/.dbt', 'version_check': 'True', 'debug': 'False', 'log_path': '/Users/alexandrecanacaris/linkedin_job_trend_analysis/logs', 'warn_error': 'None', 'fail_fast': 'False', 'use_colors': 'True', 'use_experimental_parser': 'False', 'no_print': 'None', 'quiet': 'False', 'warn_error_options': 'WarnErrorOptions(include=[], exclude=[])', 'introspect': 'True', 'invocation_command': 'dbt debug', 'log_format': 'default', 'target_path': 'None', 'static_parser': 'True', 'send_anonymous_usage_stats': 'True'}
[0m13:00:46.248009 [info ] [MainThread]: dbt version: 1.7.10
[0m13:00:46.248235 [info ] [MainThread]: python version: 3.8.14
[0m13:00:46.248445 [info ] [MainThread]: python path: /Users/alexandrecanacaris/.pyenv/versions/3.8.14/bin/python
[0m13:00:46.248651 [info ] [MainThread]: os info: macOS-13.6.4-arm64-arm-64bit
[0m13:00:46.707356 [info ] [MainThread]: Using profiles dir at /Users/alexandrecanacaris/.dbt
[0m13:00:46.707708 [info ] [MainThread]: Using profiles.yml file at /Users/alexandrecanacaris/.dbt/profiles.yml
[0m13:00:46.707934 [info ] [MainThread]: Using dbt_project.yml file at /Users/alexandrecanacaris/linkedin_job_trend_analysis/dbt_project.yml
[0m13:00:46.708247 [info ] [MainThread]: adapter type: bigquery
[0m13:00:46.708469 [info ] [MainThread]: adapter version: 1.7.6
[0m13:00:46.709698 [warn ] [MainThread]: [[33mWARNING[0m]: Deprecated functionality
The `source-paths` config has been renamed to `model-paths`. Please update your
`dbt_project.yml` configuration to reflect this change.
[0m13:00:46.709954 [debug] [MainThread]: Sending event: {'category': 'dbt', 'action': 'deprecation', 'label': 'd87a5cbd-76ca-4d31-8bf3-f713f7c19d24', 'property_': 'warn', 'context': [<snowplow_tracker.self_describing_json.SelfDescribingJson object at 0x2a350c910>]}
[0m13:00:46.747475 [info ] [MainThread]: Configuration:
[0m13:00:46.747736 [info ] [MainThread]:   profiles.yml file [[32mOK found and valid[0m]
[0m13:00:46.747951 [info ] [MainThread]:   dbt_project.yml file [[32mOK found and valid[0m]
[0m13:00:46.748157 [info ] [MainThread]: Required dependencies:
[0m13:00:46.748392 [debug] [MainThread]: Executing "git --help"
[0m13:00:46.755643 [debug] [MainThread]: STDOUT: "b"usage: git [-v | --version] [-h | --help] [-C <path>] [-c <name>=<value>]\n           [--exec-path[=<path>]] [--html-path] [--man-path] [--info-path]\n           [-p | --paginate | -P | --no-pager] [--no-replace-objects] [--bare]\n           [--git-dir=<path>] [--work-tree=<path>] [--namespace=<name>]\n           [--config-env=<name>=<envvar>] <command> [<args>]\n\nThese are common Git commands used in various situations:\n\nstart a working area (see also: git help tutorial)\n   clone     Clone a repository into a new directory\n   init      Create an empty Git repository or reinitialize an existing one\n\nwork on the current change (see also: git help everyday)\n   add       Add file contents to the index\n   mv        Move or rename a file, a directory, or a symlink\n   restore   Restore working tree files\n   rm        Remove files from the working tree and from the index\n\nexamine the history and state (see also: git help revisions)\n   bisect    Use binary search to find the commit that introduced a bug\n   diff      Show changes between commits, commit and working tree, etc\n   grep      Print lines matching a pattern\n   log       Show commit logs\n   show      Show various types of objects\n   status    Show the working tree status\n\ngrow, mark and tweak your common history\n   branch    List, create, or delete branches\n   commit    Record changes to the repository\n   merge     Join two or more development histories together\n   rebase    Reapply commits on top of another base tip\n   reset     Reset current HEAD to the specified state\n   switch    Switch branches\n   tag       Create, list, delete or verify a tag object signed with GPG\n\ncollaborate (see also: git help workflows)\n   fetch     Download objects and refs from another repository\n   pull      Fetch from and integrate with another repository or a local branch\n   push      Update remote refs along with associated objects\n\n'git help -a' and 'git help -g' list available subcommands and some\nconcept guides. See 'git help <command>' or 'git help <concept>'\nto read about a specific subcommand or concept.\nSee 'git help git' for an overview of the system.\n""
[0m13:00:46.756189 [debug] [MainThread]: STDERR: "b''"
[0m13:00:46.756446 [info ] [MainThread]:  - git [[32mOK found[0m]

[0m13:00:46.756683 [info ] [MainThread]: Connection:
[0m13:00:46.756956 [info ] [MainThread]:   method: service-account
[0m13:00:46.757158 [info ] [MainThread]:   database: linkedin123456
[0m13:00:46.757362 [info ] [MainThread]:   execution_project: linkedin123456
[0m13:00:46.757576 [info ] [MainThread]:   schema: linkedin_data
[0m13:00:46.757779 [info ] [MainThread]:   location: EU
[0m13:00:46.757978 [info ] [MainThread]:   priority: interactive
[0m13:00:46.758184 [info ] [MainThread]:   maximum_bytes_billed: None
[0m13:00:46.758384 [info ] [MainThread]:   impersonate_service_account: None
[0m13:00:46.758593 [info ] [MainThread]:   job_retry_deadline_seconds: None
[0m13:00:46.758790 [info ] [MainThread]:   job_retries: 1
[0m13:00:46.758985 [info ] [MainThread]:   job_creation_timeout_seconds: None
[0m13:00:46.759183 [info ] [MainThread]:   job_execution_timeout_seconds: 300
[0m13:00:46.759378 [info ] [MainThread]:   keyfile: /Users/alexandrecanacaris/dbt_keys/linkedin123456-4733c84e9892.json
[0m13:00:46.759584 [info ] [MainThread]:   timeout_seconds: 300
[0m13:00:46.759784 [info ] [MainThread]:   client_id: None
[0m13:00:46.759977 [info ] [MainThread]:   token_uri: None
[0m13:00:46.760165 [info ] [MainThread]:   dataproc_region: None
[0m13:00:46.760370 [info ] [MainThread]:   dataproc_cluster_name: None
[0m13:00:46.760577 [info ] [MainThread]:   gcs_bucket: None
[0m13:00:46.760779 [info ] [MainThread]:   dataproc_batch: None
[0m13:00:46.761099 [info ] [MainThread]: Registered adapter: bigquery=1.7.6
[0m13:00:46.764564 [debug] [MainThread]: Acquiring new bigquery connection 'debug'
[0m13:00:46.765075 [debug] [MainThread]: Opening a new connection, currently in state init
[0m13:00:46.830177 [debug] [MainThread]: On debug: select 1 as id
[0m13:00:49.799752 [debug] [MainThread]: BigQuery adapter: https://console.cloud.google.com/bigquery?project=linkedin123456&j=bq:EU:6969df08-575d-4bc0-a2dc-17b051ec8886&page=queryresults
[0m13:00:50.203168 [info ] [MainThread]:   Connection test: [[32mOK connection ok[0m]

[0m13:00:50.204414 [info ] [MainThread]: [32mAll checks passed![0m
[0m13:00:50.208041 [debug] [MainThread]: Resource report: {"command_name": "debug", "command_success": true, "command_wall_clock_time": 3.9948032, "process_user_time": 2.256723, "process_kernel_time": 5.542738, "process_mem_max_rss": "178880512", "process_in_blocks": "0", "process_out_blocks": "0"}
[0m13:00:50.209646 [debug] [MainThread]: Command `dbt debug` succeeded at 13:00:50.209254 after 4.00 seconds
[0m13:00:50.210453 [debug] [MainThread]: Connection 'debug' was properly closed.
[0m13:00:50.211129 [debug] [MainThread]: Sending event: {'category': 'dbt', 'action': 'invocation', 'label': 'end', 'context': [<snowplow_tracker.self_describing_json.SelfDescribingJson object at 0x107eb4880>, <snowplow_tracker.self_describing_json.SelfDescribingJson object at 0x112bbf430>, <snowplow_tracker.self_describing_json.SelfDescribingJson object at 0x2a370dac0>]}
[0m13:00:50.211891 [debug] [MainThread]: Flushing usage events
[0m20:33:32.328703 [debug] [MainThread]: Sending event: {'category': 'dbt', 'action': 'invocation', 'label': 'start', 'context': [<snowplow_tracker.self_describing_json.SelfDescribingJson object at 0x1074208e0>, <snowplow_tracker.self_describing_json.SelfDescribingJson object at 0x1099e04f0>, <snowplow_tracker.self_describing_json.SelfDescribingJson object at 0x109a20520>]}


============================== 20:33:32.331217 | 6ad82a6a-16a8-481b-a731-b0a10e91f568 ==============================
[0m20:33:32.331217 [info ] [MainThread]: Running with dbt=1.7.10
[0m20:33:32.331591 [debug] [MainThread]: running dbt with arguments {'printer_width': '80', 'indirect_selection': 'eager', 'log_cache_events': 'False', 'write_json': 'True', 'partial_parse': 'True', 'cache_selected_only': 'False', 'warn_error': 'None', 'debug': 'False', 'version_check': 'True', 'log_path': 'logs', 'profiles_dir': '/Users/alexandrecanacaris/.dbt', 'fail_fast': 'False', 'use_colors': 'True', 'use_experimental_parser': 'False', 'no_print': 'None', 'quiet': 'False', 'warn_error_options': 'WarnErrorOptions(include=[], exclude=[])', 'static_parser': 'True', 'introspect': 'True', 'invocation_command': 'dbt test', 'target_path': 'None', 'log_format': 'default', 'send_anonymous_usage_stats': 'True'}
[0m20:33:32.331959 [error] [MainThread]: Encountered an error:
Runtime Error
  No dbt_project.yml found at expected path /Users/alexandrecanacaris/linkedin_job_trend_analysis/dbt_project.yml
  Verify that each entry within packages.yml (and their transitive dependencies) contains a file named dbt_project.yml
  
[0m20:33:32.332717 [debug] [MainThread]: Resource report: {"command_name": "test", "command_wall_clock_time": 0.037877668, "process_user_time": 1.044421, "process_kernel_time": 0.100651, "process_mem_max_rss": "93896704", "command_success": false, "process_in_blocks": "0", "process_out_blocks": "0"}
[0m20:33:32.333174 [debug] [MainThread]: Command `dbt test` failed at 20:33:32.333060 after 0.04 seconds
[0m20:33:32.333485 [debug] [MainThread]: Sending event: {'category': 'dbt', 'action': 'invocation', 'label': 'end', 'context': [<snowplow_tracker.self_describing_json.SelfDescribingJson object at 0x1074208e0>, <snowplow_tracker.self_describing_json.SelfDescribingJson object at 0x1099c0340>, <snowplow_tracker.self_describing_json.SelfDescribingJson object at 0x109a20f10>]}
[0m20:33:32.333717 [debug] [MainThread]: Flushing usage events
[0m11:13:44.493128 [debug] [MainThread]: Sending event: {'category': 'dbt', 'action': 'invocation', 'label': 'start', 'context': [<snowplow_tracker.self_describing_json.SelfDescribingJson object at 0x104c305e0>, <snowplow_tracker.self_describing_json.SelfDescribingJson object at 0x1078fa6a0>, <snowplow_tracker.self_describing_json.SelfDescribingJson object at 0x107925280>]}


============================== 11:13:44.495868 | e61d7ac7-5913-4f7d-82fb-76080c20a8f7 ==============================
[0m11:13:44.495868 [info ] [MainThread]: Running with dbt=1.7.10
[0m11:13:44.496253 [debug] [MainThread]: running dbt with arguments {'printer_width': '80', 'indirect_selection': 'eager', 'log_cache_events': 'False', 'write_json': 'True', 'partial_parse': 'True', 'cache_selected_only': 'False', 'profiles_dir': '/Users/alexandrecanacaris/.dbt', 'fail_fast': 'False', 'version_check': 'True', 'log_path': 'logs', 'debug': 'False', 'warn_error': 'None', 'use_colors': 'True', 'use_experimental_parser': 'False', 'no_print': 'None', 'quiet': 'False', 'log_format': 'default', 'introspect': 'True', 'static_parser': 'True', 'invocation_command': 'dbt run --select gold_dataset', 'target_path': 'None', 'warn_error_options': 'WarnErrorOptions(include=[], exclude=[])', 'send_anonymous_usage_stats': 'True'}
[0m11:13:44.496611 [error] [MainThread]: Encountered an error:
Runtime Error
  No dbt_project.yml found at expected path /Users/alexandrecanacaris/linkedin_job_trend_analysis/dbt_project.yml
  Verify that each entry within packages.yml (and their transitive dependencies) contains a file named dbt_project.yml
  
[0m11:13:44.517754 [debug] [MainThread]: Resource report: {"command_name": "run", "command_wall_clock_time": 0.06132121, "process_user_time": 1.077101, "process_kernel_time": 0.131411, "process_mem_max_rss": "94191616", "command_success": false, "process_in_blocks": "0", "process_out_blocks": "0"}
[0m11:13:44.518147 [debug] [MainThread]: Command `dbt run` failed at 11:13:44.518049 after 0.06 seconds
[0m11:13:44.518399 [debug] [MainThread]: Sending event: {'category': 'dbt', 'action': 'invocation', 'label': 'end', 'context': [<snowplow_tracker.self_describing_json.SelfDescribingJson object at 0x104c305e0>, <snowplow_tracker.self_describing_json.SelfDescribingJson object at 0x1079255b0>, <snowplow_tracker.self_describing_json.SelfDescribingJson object at 0x107925280>]}
[0m11:13:44.518648 [debug] [MainThread]: Flushing usage events
